\BOOKMARK [1][-]{Doc-Start}{\376\377\000L\036\335\000i\000\040\000c\036\243\000m\000\040\001\241\000n}{}% 1
\BOOKMARK [1][-]{Doc-Start}{\376\377\000M\036\345\000c\000\040\000l\036\345\000c}{}% 2
\BOOKMARK [1][-]{Doc-Start}{\376\377\000D\000a\000n\000h\000\040\000m\036\345\000c\000\040\000h\000\354\000n\000h}{}% 3
\BOOKMARK [1][-]{Doc-Start}{\376\377\000D\000a\000n\000h\000\040\000m\036\345\000c\000\040\000b\036\243\000n\000g}{}% 4
\BOOKMARK [1][-]{Doc-Start}{\376\377\000D\000a\000n\000h\000\040\000m\036\345\000c\000\040\000t\036\353\000\040\000v\000i\036\277\000t\000\040\000t\036\257\000t}{}% 5
\BOOKMARK [1][-]{table.1}{\376\377\000T\000\363\000m\000\040\000t\036\257\000t\000\040\001\021\036\323\000\040\000\341\000n}{}% 6
\BOOKMARK [1][-]{section.1}{\376\377\000M\036\337\000\040\001\021\036\247\000u}{}% 7
\BOOKMARK [2][-]{subsection.1.1}{\376\377\000L\000\375\000\040\000d\000o\000\040\000c\000h\036\315\000n\000\040\001\021\036\301\000\040\000t\000\340\000i}{section.1}% 8
\BOOKMARK [2][-]{subsection.1.2}{\376\377\000M\036\345\000c\000\040\000t\000i\000\352\000u\000\040\001\021\036\323\000\040\000\341\000n}{section.1}% 9
\BOOKMARK [2][-]{subsection.1.3}{\376\377\001\020\036\321\000i\000\040\000t\001\260\036\343\000n\000g\000\040\000v\000\340\000\040\000p\000h\036\241\000m\000\040\000v\000i\000\040\001\021\036\323\000\040\000\341\000n}{section.1}% 10
\BOOKMARK [2][-]{subsection.1.4}{\376\377\000P\000h\001\260\001\241\000n\000g\000\040\000p\000h\000\341\000p\000\040\000t\000h\036\361\000c\000\040\000h\000i\036\307\000n}{section.1}% 11
\BOOKMARK [1][-]{section.2}{\376\377\000T\036\325\000n\000g\000\040\000q\000u\000a\000n}{}% 12
\BOOKMARK [2][-]{subsection.2.1}{\376\377\000K\000i\036\277\000n\000\040\000t\000r\000\372\000c\000\040\000M\000i\000c\000r\000o\000s\000e\000r\000v\000i\000c\000e\000s}{section.2}% 13
\BOOKMARK [2][-]{subsection.2.2}{\376\377\000D\000e\000v\000S\000e\000c\000O\000p\000s}{section.2}% 14
\BOOKMARK [2][-]{subsection.2.3}{\376\377\000G\000i\000t\000O\000p\000s}{section.2}% 15
\BOOKMARK [2][-]{subsection.2.4}{\376\377\000N\036\301\000n\000\040\000t\036\243\000n\000g\000\040\000K\000u\000b\000e\000r\000n\000e\000t\000e\000s\000\040\000v\000\340\000\040\000A\000m\000a\000z\000o\000n\000\040\000E\000K\000S}{section.2}% 16
\BOOKMARK [2][-]{subsection.2.5}{\376\377\000I\000n\000f\000r\000a\000s\000t\000r\000u\000c\000t\000u\000r\000e\000\040\000a\000s\000\040\000C\000o\000d\000e\000\040\000v\000\340\000\040\000T\000e\000r\000r\000a\000f\000o\000r\000m}{section.2}% 17
\BOOKMARK [2][-]{subsection.2.6}{\376\377\000C\000\341\000c\000\040\000c\000\364\000n\000g\000\040\000c\036\345\000\040\000k\000h\000\341\000c}{section.2}% 18
\BOOKMARK [2][-]{subsection.2.7}{\376\377\000P\000o\000l\000i\000c\000y\000\040\000a\000s\000\040\000C\000o\000d\000e\000\040\000v\036\333\000i\000\040\000K\000y\000v\000e\000r\000n\000o}{section.2}% 19
\BOOKMARK [2][-]{subsection.2.8}{\376\377\000P\000o\000l\000i\000c\000y\000\040\000a\000s\000\040\000C\000o\000d\000e\000\040\000v\036\333\000i\000\040\000K\000y\000v\000e\000r\000n\000o}{section.2}% 20
\BOOKMARK [2][-]{subsection.2.9}{\376\377\000S\000a\000m\000p\000l\000e\000\040\000A\000p\000p\000l\000i\000c\000a\000t\000i\000o\000n\000:\000\040\000R\000e\000t\000a\000i\000l\000\040\000S\000t\000o\000r\000e}{section.2}% 21
\BOOKMARK [1][-]{section.3}{\376\377\000P\000h\001\260\001\241\000n\000g\000\040\000p\000h\000\341\000p\000\040\000v\000\340\000\040\000T\000h\000i\036\277\000t\000\040\000k\036\277\000\040\000H\036\307\000\040\000t\000h\036\321\000n\000g}{}% 22
\BOOKMARK [2][-]{subsection.3.1}{\376\377\000K\000i\036\277\000n\000\040\000t\000r\000\372\000c\000\040\000t\036\325\000n\000g\000\040\000t\000h\036\303}{section.3}% 23
\BOOKMARK [2][-]{subsection.3.2}{\376\377\000C\036\245\000u\000\040\000t\000r\000\372\000c\000\040\000W\000o\000r\000k\000s\000p\000a\000c\000e\000\040\001\021\036\323\000\040\000\341\000n}{section.3}% 24
\BOOKMARK [2][-]{subsection.3.3}{\376\377\000T\000h\000i\036\277\000t\000\040\000k\036\277\000\040\000H\036\241\000\040\000t\036\247\000n\000g\000\040\000A\000W\000S}{section.3}% 25
\BOOKMARK [2][-]{subsection.3.4}{\376\377\000T\000h\000i\036\277\000t\000\040\000k\036\277\000\040\000S\000e\000c\000u\000r\000i\000t\000y\000\040\000P\000i\000p\000e\000l\000i\000n\000e}{section.3}% 26
\BOOKMARK [2][-]{subsection.3.5}{\376\377\000T\000h\000i\036\277\000t\000\040\000k\036\277\000\040\000G\000i\000t\000O\000p\000s\000\040\000P\000i\000p\000e\000l\000i\000n\000e}{section.3}% 27
\BOOKMARK [2][-]{subsection.3.6}{\376\377\000T\000h\000i\036\277\000t\000\040\000k\036\277\000\040\000E\000C\000R\000\040\000R\000e\000p\000o\000s\000i\000t\000o\000r\000i\000e\000s}{section.3}% 28
\BOOKMARK [1][-]{section.4}{\376\377\000K\036\277\000t\000\040\000q\000u\036\243\000\040\000T\000r\000i\036\303\000n\000\040\000k\000h\000a\000i\000\040\000v\000\340\000\040\000K\000i\036\303\000m\000\040\000t\000h\036\355}{}% 29
\BOOKMARK [2][-]{subsection.4.1}{\376\377\000T\000r\000i\036\303\000n\000\040\000k\000h\000a\000i\000\040\000h\036\241\000\040\000t\036\247\000n\000g}{section.4}% 30
\BOOKMARK [2][-]{subsection.4.2}{\376\377\000K\000i\036\303\000m\000\040\000t\000r\000a\000\040\000E\000C\000R\000\040\000R\000e\000p\000o\000s\000i\000t\000o\000r\000i\000e\000s}{section.4}% 31
\BOOKMARK [2][-]{subsection.4.3}{\376\377\000K\000i\036\303\000m\000\040\000t\000r\000a\000\040\000t\000r\000\352\000n\000\040\000A\000W\000S\000\040\000C\000o\000n\000s\000o\000l\000e}{section.4}% 32
\BOOKMARK [2][-]{subsection.4.4}{\376\377\000T\000r\000i\036\303\000n\000\040\000k\000h\000a\000i\000\040\000C\000I\000\040\000P\000i\000p\000e\000l\000i\000n\000e}{section.4}% 33
\BOOKMARK [2][-]{subsection.4.5}{\376\377\000T\000r\000i\036\303\000n\000\040\000k\000h\000a\000i\000\040\000C\000D\000\040\000G\000i\000t\000O\000p\000s\000\040\000v\036\333\000i\000\040\000A\000r\000g\000o\000\040\000C\000D}{section.4}% 34
\BOOKMARK [2][-]{subsection.4.6}{\376\377\000T\000r\000i\036\303\000n\000\040\000k\000h\000a\000i\000\040\000O\000b\000s\000e\000r\000v\000a\000b\000i\000l\000i\000t\000y}{section.4}% 35
\BOOKMARK [2][-]{subsection.4.7}{\376\377\000T\000r\000i\036\303\000n\000\040\000k\000h\000a\000i\000\040\036\351\000n\000g\000\040\000d\036\345\000n\000g\000\040\000q\000u\000a\000\040\000G\000i\000t\000O\000p\000s\000\040\000P\000i\000p\000e\000l\000i\000n\000e}{section.4}% 36
\BOOKMARK [2][-]{subsection.4.8}{\376\377\000T\000r\000i\036\303\000n\000\040\000k\000h\000a\000i\000\040\000P\000o\000l\000i\000c\000y\000\040\000a\000s\000\040\000C\000o\000d\000e\000\040\000v\036\333\000i\000\040\000K\000y\000v\000e\000r\000n\000o}{section.4}% 37
\BOOKMARK [2][-]{subsection.4.9}{\376\377\000K\000i\036\303\000m\000\040\000t\000r\000a\000\040\000b\036\243\000o\000\040\000m\036\255\000t\000\040\000I\000n\000f\000r\000a\000s\000t\000r\000u\000c\000t\000u\000r\000e\000\040\000a\000s\000\040\000C\000o\000d\000e\000\040\000v\036\333\000i\000\040\000T\000e\000r\000r\000a\000s\000c\000a\000n}{section.4}% 38
\BOOKMARK [2][-]{subsection.4.10}{\376\377\001\020\000\341\000n\000h\000\040\000g\000i\000\341\000\040\000k\036\277\000t\000\040\000q\000u\036\243\000\040\001\021\036\241\000t\000\040\001\021\001\260\036\343\000c}{section.4}% 39
\BOOKMARK [1][-]{section.5}{\376\377\000K\036\277\000t\000\040\000l\000u\036\255\000n\000\040\000v\000\340\000\040\000H\001\260\036\333\000n\000g\000\040\000p\000h\000\341\000t\000\040\000t\000r\000i\036\303\000n}{}% 40
\BOOKMARK [2][-]{subsection.5.1}{\376\377\000K\036\277\000t\000\040\000q\000u\036\243\000\040\001\021\000\343\000\040\001\021\036\241\000t\000\040\001\021\001\260\036\343\000c}{section.5}% 41
\BOOKMARK [2][-]{subsection.5.2}{\376\377\000N\000h\036\357\000n\000g\000\040\001\021\000\363\000n\000g\000\040\000g\000\363\000p\000\040\000c\036\347\000a\000\040\001\021\036\323\000\040\000\341\000n}{section.5}% 42
\BOOKMARK [2][-]{subsection.5.3}{\376\377\000H\036\241\000n\000\040\000c\000h\036\277}{section.5}% 43
\BOOKMARK [2][-]{subsection.5.4}{\376\377\000H\001\260\036\333\000n\000g\000\040\000p\000h\000\341\000t\000\040\000t\000r\000i\036\303\000n}{section.5}% 44
\BOOKMARK [1][-]{Item.53}{\376\377\000T\000\340\000i\000\040\000l\000i\036\307\000u\000\040\000t\000h\000a\000m\000\040\000k\000h\036\243\000o}{}% 45
\BOOKMARK [1][-]{Item.71}{\376\377\000P\000h\036\345\000\040\000l\036\345\000c}{}% 46
