\BOOKMARK [1][-]{section.1}{\376\377\000T\036\325\000n\000g\000\040\000q\000u\000a\000n\000\040\001\021\036\301\000\040\000t\000\340\000i}{}% 1
\BOOKMARK [1][-]{section.2}{\376\377\000M\036\345\000c\000\040\000t\000i\000\352\000u\000\040\000c\036\347\000a\000\040\001\021\036\301\000\040\000t\000\340\000i}{}% 2
\BOOKMARK [2][-]{subsection.2.1}{\376\377\000T\036\361\000\040\001\021\036\331\000n\000g\000\040\000h\000\363\000a\000\040\000h\036\241\000\040\000t\036\247\000n\000g\000\040\000b\036\261\000n\000g\000\040\000I\000n\000f\000r\000a\000s\000t\000r\000u\000c\000t\000u\000r\000e\000\040\000a\000s\000\040\000C\000o\000d\000e\000\040\000\050\000I\000a\000C\000\051}{section.2}% 3
\BOOKMARK [2][-]{subsection.2.2}{\376\377\000T\000\355\000c\000h\000\040\000h\036\343\000p\000\040\000b\036\243\000o\000\040\000m\036\255\000t\000\040\000v\000\340\000o\000\040\000C\000I\000\040\000p\000i\000p\000e\000l\000i\000n\000e\000\040\000\050\000S\000h\000i\000f\000t\000-\000L\000e\000f\000t\000\040\000S\000e\000c\000u\000r\000i\000t\000y\000\051}{section.2}% 4
\BOOKMARK [2][-]{subsection.2.3}{\376\377\000T\000r\000i\036\303\000n\000\040\000k\000h\000a\000i\000\040\000G\000i\000t\000O\000p\000s\000\040\000v\036\333\000i\000\040\000A\000r\000g\000o\000\040\000C\000D}{section.2}% 5
\BOOKMARK [2][-]{subsection.2.4}{\376\377\000G\000i\000\341\000m\000\040\000s\000\341\000t\000\040\000t\036\255\000p\000\040\000t\000r\000u\000n\000g\000\040\000v\036\333\000i\000\040\000C\000l\000o\000u\000d\000W\000a\000t\000c\000h\000\040\000+\000\040\000G\000r\000a\000f\000a\000n\000a}{section.2}% 6
\BOOKMARK [2][-]{subsection.2.5}{\376\377\000C\000h\036\351\000n\000g\000\040\000m\000i\000n\000h\000\040\000t\000\355\000n\000h\000\040\000k\000h\036\243\000\040\000t\000h\000i\000\040\000t\000r\000\352\000n\000\040\000m\000\364\000i\000\040\000t\000r\001\260\036\335\000n\000g\000\040\000t\000h\036\361\000c}{section.2}% 7
\BOOKMARK [1][-]{section.3}{\376\377\000P\000h\001\260\001\241\000n\000g\000\040\000p\000h\000\341\000p\000\040\000t\000h\036\361\000c\000\040\000h\000i\036\307\000n}{}% 8
\BOOKMARK [2][-]{subsection.3.1}{\376\377\000N\000g\000h\000i\000\352\000n\000\040\000c\036\351\000u\000\040\000v\000\340\000\040\000k\000h\036\243\000o\000\040\000s\000\341\000t}{section.3}% 9
\BOOKMARK [2][-]{subsection.3.2}{\376\377\000T\000h\000i\036\277\000t\000\040\000k\036\277\000\040\000k\000i\036\277\000n\000\040\000t\000r\000\372\000c\000\040\000h\036\307\000\040\000t\000h\036\321\000n\000g}{section.3}% 10
\BOOKMARK [2][-]{subsection.3.3}{\376\377\000T\000r\000i\036\303\000n\000\040\000k\000h\000a\000i\000\040\000h\036\241\000\040\000t\036\247\000n\000g\000\040\000\050\000I\000n\000f\000r\000a\000s\000t\000r\000u\000c\000t\000u\000r\000e\000\040\000a\000s\000\040\000C\000o\000d\000e\000\051}{section.3}% 11
\BOOKMARK [2][-]{subsection.3.4}{\376\377\000X\000\342\000y\000\040\000d\036\361\000n\000g\000\040\000C\000I\000\040\000P\000i\000p\000e\000l\000i\000n\000e}{section.3}% 12
\BOOKMARK [2][-]{subsection.3.5}{\376\377\000X\000\342\000y\000\040\000d\036\361\000n\000g\000\040\000C\000D\000\040\000P\000i\000p\000e\000l\000i\000n\000e\000\040\000\050\000G\000i\000t\000O\000p\000s\000\051}{section.3}% 13
\BOOKMARK [2][-]{subsection.3.6}{\376\377\000K\000i\036\303\000m\000\040\000t\000h\036\355\000\040\000v\000\340\000\040\001\021\000\341\000n\000h\000\040\000g\000i\000\341}{section.3}% 14
\BOOKMARK [1][-]{section.4}{\376\377\000C\000\341\000c\000\040\000n\036\331\000i\000\040\000d\000u\000n\000g\000\040\000c\000h\000\355\000n\000h\000\040\000v\000\340\000\040\000g\000i\036\333\000i\000\040\000h\036\241\000n\000\040\000c\036\347\000a\000\040\001\021\036\301\000\040\000t\000\340\000i}{}% 15
\BOOKMARK [2][-]{subsection.4.1}{\376\377\000N\036\331\000i\000\040\000d\000u\000n\000g\000\040\000c\000h\000\355\000n\000h}{section.4}% 16
\BOOKMARK [2][-]{subsection.4.2}{\376\377\000G\000i\036\333\000i\000\040\000h\036\241\000n}{section.4}% 17
\BOOKMARK [2][-]{subsection.4.3}{\376\377\000P\000h\001\260\001\241\000n\000g\000\040\000p\000h\000\341\000p\000\040\001\021\000\341\000n\000h\000\040\000g\000i\000\341\000\040\000h\036\307\000\040\000t\000h\036\321\000n\000g}{section.4}% 18
\BOOKMARK [1][-]{section.5}{\376\377\000K\036\277\000\040\000h\000o\036\241\000c\000h\000\040\000t\000h\036\361\000c\000\040\000h\000i\036\307\000n}{}% 19
\BOOKMARK [2][-]{subsection.5.1}{\376\377\000G\000i\000a\000i\000\040\001\021\000o\036\241\000n\000\040\0001\000:\000\040\000L\036\255\000p\000\040\000k\036\277\000\040\000h\000o\036\241\000c\000h\000\040\000v\000\340\000\040\000t\000h\000i\036\277\000t\000\040\000l\036\255\000p\000\040\000\050\000T\000h\000\341\000n\000g\000\040\0002\000\040\040\023\000\040\000t\000h\000\341\000n\000g\000\040\0003\000\051}{section.5}% 20
\BOOKMARK [2][-]{subsection.5.2}{\376\377\000G\000i\000a\000i\000\040\001\021\000o\036\241\000n\000\040\0002\000:\000\040\000H\036\241\000\040\000t\036\247\000n\000g\000\040\000\050\000I\000n\000f\000r\000a\000s\000t\000r\000u\000c\000t\000u\000r\000e\000\040\000a\000s\000\040\000C\000o\000d\000e\000\051\000\040\000\050\000T\000h\000\341\000n\000g\000\040\0003\000\040\040\023\000\040\000t\000h\000\341\000n\000g\000\040\0004\000\051}{section.5}% 21
\BOOKMARK [2][-]{subsection.5.3}{\376\377\000G\000i\000a\000i\000\040\001\021\000o\036\241\000n\000\040\0003\000:\000\040\000C\000I\000\040\000+\000\040\000S\000e\000c\000u\000r\000i\000t\000y\000\040\000P\000i\000p\000e\000l\000i\000n\000e\000\040\000\050\000T\000h\000\341\000n\000g\000\040\0004\000\040\040\023\000\040\000t\000h\000\341\000n\000g\000\040\0005\000\051}{section.5}% 22
\BOOKMARK [2][-]{subsection.5.4}{\376\377\000G\000i\000a\000i\000\040\001\021\000o\036\241\000n\000\040\0004\000:\000\040\000C\000D\000\040\000+\000\040\000M\000o\000n\000i\000t\000o\000r\000i\000n\000g\000\040\000\050\000T\000h\000\341\000n\000g\000\040\0005\000\040\040\023\000\040\000t\000h\000\341\000n\000g\000\040\0006\000\051}{section.5}% 23
\BOOKMARK [2][-]{subsection.5.5}{\376\377\000G\000i\000a\000i\000\040\001\021\000o\036\241\000n\000\040\0005\000:\000\040\000H\000o\000\340\000n\000\040\000t\000h\000i\036\307\000n\000\040\000v\000\340\000\040\000b\036\243\000o\000\040\000v\036\307\000\040\000\050\000T\000h\000\341\000n\000g\000\040\0006\000\051}{section.5}% 24
