This is XeTeX, Version 3.141592653-2.6-0.999997 (MiKTeX 25.12) (preloaded format=xelatex 2026.5.7)  7 MAY 2026 17:14
entering extended mode
 restricted \write18 enabled.
 %&-line parsing enabled.
**D:/DACN/do-an-devsecops-gitops/01-docs/report/progress-report-full.tex
(D:/DACN/do-an-devsecops-gitops/01-docs/report/progress-report-full.tex
LaTeX2e <2025-11-01>
L3 programming layer <2025-12-24>
(C:\Users\ADMIN\AppData\Local\Programs\MiKTeX\tex/latex/base\article.cls
Document Class: article 2025/01/22 v1.4n Standard LaTeX document class
(C:\Users\ADMIN\AppData\Local\Programs\MiKTeX\tex/latex/base\size12.clo
File: size12.clo 2025/01/22 v1.4n Standard LaTeX file (size option)
)
\c@part=\count271
\c@section=\count272
\c@subsection=\count273
\c@subsubsection=\count274
\c@paragraph=\count275
\c@subparagraph=\count276
\c@figure=\count277
\c@table=\count278
\abovecaptionskip=\skip49
\belowcaptionskip=\skip50
\bibindent=\dimen148
)
(C:\Users\ADMIN\AppData\Local\Programs\MiKTeX\tex/latex/geometry\geometry.sty
Package: geometry 2026/03/07 v6.0 Page Geometry

(C:\Users\ADMIN\AppData\Local\Programs\MiKTeX\tex/latex/graphics\keyval.sty
Package: keyval 2022/05/29 v1.15 key=value parser (DPC)
\KV@toks@=\toks17
)
(C:\Users\ADMIN\AppData\Local\Programs\MiKTeX\tex/generic/iftex\ifvtex.sty
Package: ifvtex 2019/10/25 v1.7 ifvtex legacy package. Use iftex instead.

(C:\Users\ADMIN\AppData\Local\Programs\MiKTeX\tex/generic/iftex\iftex.sty
Package: iftex 2024/12/12 v1.0g TeX engine tests
))
\Gm@cnth=\count279
\Gm@cntv=\count280
\c@Gm@tempcnt=\count281
\Gm@bindingoffset=\dimen149
\Gm@wd@mp=\dimen150
\Gm@odd@mp=\dimen151
\Gm@even@mp=\dimen152
\Gm@layoutwidth=\dimen153
\Gm@layoutheight=\dimen154
\Gm@layouthoffset=\dimen155
\Gm@layoutvoffset=\dimen156
\Gm@dimlist=\toks18

(C:\Users\ADMIN\AppData\Local\Programs\MiKTeX\tex/latex/geometry\geometry.cfg))
(C:\Users\ADMIN\AppData\Local\Programs\MiKTeX\tex/latex/fontspec\fontspec.sty
(C:\Users\ADMIN\AppData\Local\Programs\MiKTeX\tex/latex/l3packages/xparse\xpars
e.sty
(C:\Users\ADMIN\AppData\Local\Programs\MiKTeX\tex/latex/l3kernel\expl3.sty
Package: expl3 2025-12-24 L3 programming layer (loader) 

(C:\Users\ADMIN\AppData\Local\Programs\MiKTeX\tex/latex/l3backend\l3backend-xet
ex.def
File: l3backend-xetex.def 2025-10-09 L3 backend support: XeTeX
\g__graphics_track_int=\count282
\g__pdfannot_backend_int=\count283
\g__pdfannot_backend_link_int=\count284
))
Package: xparse 2025-10-09 L3 Experimental document command parser
)
Package: fontspec 2025/09/29 v2.9g Font selection for XeLaTeX and LuaLaTeX

(C:\Users\ADMIN\AppData\Local\Programs\MiKTeX\tex/latex/fontspec\fontspec-xetex
.sty
Package: fontspec-xetex 2025/09/29 v2.9g Font selection for XeLaTeX and LuaLaTe
X
\l__fontspec_script_int=\count285
\l__fontspec_language_int=\count286
\l__fontspec_strnum_int=\count287
\l__fontspec_tmp_int=\count288
\l__fontspec_tmpa_int=\count289
\l__fontspec_tmpb_int=\count290
\l__fontspec_tmpc_int=\count291
\l__fontspec_em_int=\count292
\l__fontspec_emdef_int=\count293
\l__fontspec_strong_int=\count294
\l__fontspec_strongdef_int=\count295
\l__fontspec_tmpa_dim=\dimen157
\l__fontspec_tmpb_dim=\dimen158
\l__fontspec_tmpc_dim=\dimen159
 (C:\Users\ADMIN\AppData\Local\Programs\MiKTeX\tex/latex/base\fontenc.sty
Package: fontenc 2025/07/18 v2.1d Standard LaTeX package
)
(C:\Users\ADMIN\AppData\Local\Programs\MiKTeX\tex/latex/fontspec\fontspec.cfg))
)
(C:\Users\ADMIN\AppData\Local\Programs\MiKTeX\tex/latex/polyglossia\polyglossia
.sty
Package: polyglossia 2026/04/18 v2.10 Modern multilingual typesetting with XeLa
TeX and LuaLaTeX

(C:\Users\ADMIN\AppData\Local\Programs\MiKTeX\tex/latex/etoolbox\etoolbox.sty
Package: etoolbox 2025/10/02 v2.5m e-TeX tools for LaTeX (JAW)
\etb@tempcnta=\count296
)
\l_xpg_alias_keyvals_int=\count297

(C:\Users\ADMIN\AppData\Local\Programs\MiKTeX\tex/latex/polyglossia\gloss-latex
.ldf
File: gloss-latex.ldf polyglossia: module for default language
))
(C:\Users\ADMIN\AppData\Local\Programs\MiKTeX\tex/latex/polyglossia\gloss-vietn
amese.ldf
File: gloss-vietnamese.ldf polyglossia: module for Vietnamese
)

Package polyglossia Info: Default language is vietnamese


Package fontspec Info: 
(fontspec)             Font family 'TimesNewRoman(0)' created for font 'Times
(fontspec)             New Roman' with options [Ligatures=TeX].
(fontspec)              
(fontspec)              This font family consists of the following NFSS
(fontspec)             series/shapes:
(fontspec)              
(fontspec)             - 'normal' (m/n) with NFSS spec.: <->"Times New
(fontspec)             Roman/OT:script=latn;language=dflt;mapping=tex-text;"
(fontspec)             - 'small caps'  (m/sc) with NFSS spec.: <->"Times New
(fontspec)             Roman/OT:script=latn;language=dflt;+smcp;mapping=tex-tex
t;"
(fontspec)             - 'bold' (b/n) with NFSS spec.: <->"Times New
(fontspec)             Roman/B/OT:script=latn;language=dflt;mapping=tex-text;"
(fontspec)             - 'bold small caps'  (b/sc) with NFSS spec.: <->"Times
(fontspec)             New
(fontspec)             Roman/B/OT:script=latn;language=dflt;+smcp;mapping=tex-t
ext;"
(fontspec)             - 'italic' (m/it) with NFSS spec.: <->"Times New
(fontspec)             Roman/I/OT:script=latn;language=dflt;mapping=tex-text;"
(fontspec)             - 'italic small caps'  (m/scit) with NFSS spec.:
(fontspec)             <->"Times New
(fontspec)             Roman/I/OT:script=latn;language=dflt;+smcp;mapping=tex-t
ext;"
(fontspec)             - 'bold italic' (b/it) with NFSS spec.: <->"Times New
(fontspec)             Roman/BI/OT:script=latn;language=dflt;mapping=tex-text;"

(fontspec)             - 'bold italic small caps'  (b/scit) with NFSS spec.:
(fontspec)             <->"Times New
(fontspec)             Roman/BI/OT:script=latn;language=dflt;+smcp;mapping=tex-
text;"


(C:\Users\ADMIN\AppData\Local\Programs\MiKTeX\tex/latex/enumitem\enumitem.sty
Package: enumitem 2025/02/06 v3.11 Customized lists
\labelindent=\skip51
\enit@outerparindent=\dimen160
\enit@toks=\toks19
\enit@inbox=\box53
\enit@count@id=\count298
\enitdp@description=\count299
)
(C:\Users\ADMIN\AppData\Local\Programs\MiKTeX\tex/latex/tools\longtable.sty
Package: longtable 2025-10-13 v4.24 Multi-page Table package (DPC)
\LTleft=\skip52
\LTright=\skip53
\LTpre=\skip54
\LTpost=\skip55
\LTchunksize=\count300
\LTcapwidth=\dimen161
\LT@head=\box54
\LT@firsthead=\box55
\LT@foot=\box56
\LT@lastfoot=\box57
\LT@gbox=\box58
\LT@cols=\count301
\LT@rows=\count302
\c@LT@tables=\count303
\c@LT@chunks=\count304
\LT@p@ftn=\toks20
)
(C:\Users\ADMIN\AppData\Local\Programs\MiKTeX\tex/latex/hyperref\hyperref.sty
Package: hyperref 2025-07-12 v7.01o Hypertext links for LaTeX

(C:\Users\ADMIN\AppData\Local\Programs\MiKTeX\tex/latex/kvsetkeys\kvsetkeys.sty
Package: kvsetkeys 2022-10-05 v1.19 Key value parser (HO)
)
(C:\Users\ADMIN\AppData\Local\Programs\MiKTeX\tex/generic/kvdefinekeys\kvdefine
keys.sty
Package: kvdefinekeys 2019-12-19 v1.6 Define keys (HO)
)
(C:\Users\ADMIN\AppData\Local\Programs\MiKTeX\tex/generic/pdfescape\pdfescape.s
ty
Package: pdfescape 2019/12/09 v1.15 Implements pdfTeX's escape features (HO)

(C:\Users\ADMIN\AppData\Local\Programs\MiKTeX\tex/generic/ltxcmds\ltxcmds.sty
Package: ltxcmds 2023-12-04 v1.26 LaTeX kernel commands for general use (HO)
)
(C:\Users\ADMIN\AppData\Local\Programs\MiKTeX\tex/generic/pdftexcmds\pdftexcmds
.sty
Package: pdftexcmds 2020-06-27 v0.33 Utility functions of pdfTeX for LuaTeX (HO
)

(C:\Users\ADMIN\AppData\Local\Programs\MiKTeX\tex/generic/infwarerr\infwarerr.s
ty
Package: infwarerr 2019/12/03 v1.5 Providing info/warning/error messages (HO)
)
Package pdftexcmds Info: \pdf@primitive is available.
Package pdftexcmds Info: \pdf@ifprimitive is available.
Package pdftexcmds Info: \pdfdraftmode not found.
))
(C:\Users\ADMIN\AppData\Local\Programs\MiKTeX\tex/latex/hycolor\hycolor.sty
Package: hycolor 2020-01-27 v1.10 Color options for hyperref/bookmark (HO)
)
(C:\Users\ADMIN\AppData\Local\Programs\MiKTeX\tex/latex/hyperref\nameref.sty
Package: nameref 2025-06-21 v2.57 Cross-referencing by name of section

(C:\Users\ADMIN\AppData\Local\Programs\MiKTeX\tex/latex/refcount\refcount.sty
Package: refcount 2019/12/15 v3.6 Data extraction from label references (HO)
)
(C:\Users\ADMIN\AppData\Local\Programs\MiKTeX\tex/generic/gettitlestring\gettit
lestring.sty
Package: gettitlestring 2019/12/15 v1.6 Cleanup title references (HO)

(C:\Users\ADMIN\AppData\Local\Programs\MiKTeX\tex/latex/kvoptions\kvoptions.sty
Package: kvoptions 2022-06-15 v3.15 Key value format for package options (HO)
))
\c@section@level=\count305
)
(C:\Users\ADMIN\AppData\Local\Programs\MiKTeX\tex/generic/stringenc\stringenc.s
ty
Package: stringenc 2019/11/29 v1.12 Convert strings between diff. encodings (HO
)
)
\@linkdim=\dimen162
\Hy@linkcounter=\count306
\Hy@pagecounter=\count307
 (C:\Users\ADMIN\AppData\Local\Programs\MiKTeX\tex/latex/hyperref\pd1enc.def
File: pd1enc.def 2025-07-12 v7.01o Hyperref: PDFDocEncoding definition (HO)
) (C:\Users\ADMIN\AppData\Local\Programs\MiKTeX\tex/generic/intcalc\intcalc.sty
Package: intcalc 2019/12/15 v1.3 Expandable calculations with integers (HO)
)
\Hy@SavedSpaceFactor=\count308
 (C:\Users\ADMIN\AppData\Local\Programs\MiKTeX\tex/latex/hyperref\puenc.def
File: puenc.def 2025-07-12 v7.01o Hyperref: PDF Unicode definition (HO)
)
Package hyperref Info: Hyper figures OFF on input line 4195.
Package hyperref Info: Link nesting OFF on input line 4200.
Package hyperref Info: Hyper index ON on input line 4203.
Package hyperref Info: Plain pages OFF on input line 4210.
Package hyperref Info: Backreferencing OFF on input line 4215.
Package hyperref Info: Implicit mode ON; LaTeX internals redefined.
Package hyperref Info: Bookmarks ON on input line 4462.
\c@Hy@tempcnt=\count309

(C:\Users\ADMIN\AppData\Local\Programs\MiKTeX\tex/latex/url\url.sty
\Urlmuskip=\muskip17
Package: url 2013/09/16  ver 3.4  Verb mode for urls, etc.
)
LaTeX Info: Redefining \url on input line 4801.
\XeTeXLinkMargin=\dimen163

(C:\Users\ADMIN\AppData\Local\Programs\MiKTeX\tex/generic/bitset\bitset.sty
Package: bitset 2019/12/09 v1.3 Handle bit-vector datatype (HO)

(C:\Users\ADMIN\AppData\Local\Programs\MiKTeX\tex/generic/bigintcalc\bigintcalc
.sty
Package: bigintcalc 2019/12/15 v1.5 Expandable calculations on big integers (HO
)
))
\Fld@menulength=\count310
\Field@Width=\dimen164
\Fld@charsize=\dimen165
Package hyperref Info: Hyper figures OFF on input line 6078.
Package hyperref Info: Link nesting OFF on input line 6083.
Package hyperref Info: Hyper index ON on input line 6086.
Package hyperref Info: backreferencing OFF on input line 6093.
Package hyperref Info: Link coloring OFF on input line 6098.
Package hyperref Info: Link coloring with OCG OFF on input line 6103.
Package hyperref Info: PDF/A mode OFF on input line 6108.
\Hy@abspage=\count311
\c@Item=\count312
\c@Hfootnote=\count313
)
Package hyperref Info: Driver (autodetected): hxetex.

(C:\Users\ADMIN\AppData\Local\Programs\MiKTeX\tex/latex/hyperref\hxetex.def
File: hxetex.def 2025-07-12 v7.01o Hyperref driver for XeTeX
\pdfm@box=\box59
\c@Hy@AnnotLevel=\count314
\HyField@AnnotCount=\count315
\Fld@listcount=\count316
\c@bookmark@seq@number=\count317

(C:\Users\ADMIN\AppData\Local\Programs\MiKTeX\tex/latex/rerunfilecheck\rerunfil
echeck.sty
Package: rerunfilecheck 2025-06-21 v1.11 Rerun checks for auxiliary files (HO)

(C:\Users\ADMIN\AppData\Local\Programs\MiKTeX\tex/generic/uniquecounter\uniquec
ounter.sty
Package: uniquecounter 2019/12/15 v1.4 Provide unlimited unique counter (HO)
)
Package uniquecounter Info: New unique counter `rerunfilecheck' on input line 2
84.
)
\Hy@SectionHShift=\skip56
)
(C:\Users\ADMIN\AppData\Local\Programs\MiKTeX\tex/latex/xcolor\xcolor.sty
Package: xcolor 2024/09/29 v3.02 LaTeX color extensions (UK)

(C:\Users\ADMIN\AppData\Local\Programs\MiKTeX\tex/latex/graphics-cfg\color.cfg
File: color.cfg 2016/01/02 v1.6 sample color configuration
)
Package xcolor Info: Driver file: xetex.def on input line 274.
(C:\Users\ADMIN\AppData\Local\Programs\MiKTeX\tex/latex/graphics-def\xetex.def
File: xetex.def 2025/11/01 v5.0p Graphics/color driver for xetex
) (C:\Users\ADMIN\AppData\Local\Programs\MiKTeX\tex/latex/graphics\mathcolor.lt
x)
Package xcolor Info: Model `cmy' substituted by `cmy0' on input line 1349.
Package xcolor Info: Model `RGB' extended on input line 1365.
Package xcolor Info: Model `HTML' substituted by `rgb' on input line 1367.
Package xcolor Info: Model `Hsb' substituted by `hsb' on input line 1368.
Package xcolor Info: Model `tHsb' substituted by `hsb' on input line 1369.
Package xcolor Info: Model `HSB' substituted by `hsb' on input line 1370.
Package xcolor Info: Model `Gray' substituted by `gray' on input line 1371.
Package xcolor Info: Model `wave' substituted by `hsb' on input line 1372.
)
(C:\Users\ADMIN\AppData\Local\Programs\MiKTeX\tex/latex/fancyhdr\fancyhdr.sty
Package: fancyhdr 2025/02/07 v5.2 Extensive control of page headers and footers

\f@nch@headwidth=\skip57
\f@nch@offset@elh=\skip58
\f@nch@offset@erh=\skip59
\f@nch@offset@olh=\skip60
\f@nch@offset@orh=\skip61
\f@nch@offset@elf=\skip62
\f@nch@offset@erf=\skip63
\f@nch@offset@olf=\skip64
\f@nch@offset@orf=\skip65
\f@nch@height=\skip66
\f@nch@footalignment=\skip67
\f@nch@widthL=\skip68
\f@nch@widthC=\skip69
\f@nch@widthR=\skip70
\@temptokenb=\toks21
)
(C:\Users\ADMIN\AppData\Local\Programs\MiKTeX\tex/latex/titlesec\titlesec.sty
Package: titlesec 2025/01/04 v2.17 Sectioning titles
\ttl@box=\box60
\beforetitleunit=\skip71
\aftertitleunit=\skip72
\ttl@plus=\dimen166
\ttl@minus=\dimen167
\ttl@toksa=\toks22
\titlewidth=\dimen168
\titlewidthlast=\dimen169
\titlewidthfirst=\dimen170
)
(C:\Users\ADMIN\AppData\Local\Programs\MiKTeX\tex/latex/parskip\parskip.sty
Package: parskip 2021-03-14 v2.0h non-zero parskip adjustments
)
(C:\Users\ADMIN\AppData\Local\Programs\MiKTeX\tex/latex/booktabs\booktabs.sty
Package: booktabs 2020/01/12 v1.61803398 Publication quality tables
\heavyrulewidth=\dimen171
\lightrulewidth=\dimen172
\cmidrulewidth=\dimen173
\belowrulesep=\dimen174
\belowbottomsep=\dimen175
\aboverulesep=\dimen176
\abovetopsep=\dimen177
\cmidrulesep=\dimen178
\cmidrulekern=\dimen179
\defaultaddspace=\dimen180
\@cmidla=\count318
\@cmidlb=\count319
\@aboverulesep=\dimen181
\@belowrulesep=\dimen182
\@thisruleclass=\count320
\@lastruleclass=\count321
\@thisrulewidth=\dimen183
)
(C:\Users\ADMIN\AppData\Local\Programs\MiKTeX\tex/latex/caption\caption.sty
Package: caption 2023/08/05 v3.6o Customizing captions (AR)

(C:\Users\ADMIN\AppData\Local\Programs\MiKTeX\tex/latex/caption\caption3.sty
Package: caption3 2023/07/31 v2.4d caption3 kernel (AR)
\caption@tempdima=\dimen184
\captionmargin=\dimen185
\caption@leftmargin=\dimen186
\caption@rightmargin=\dimen187
\caption@width=\dimen188
\caption@indent=\dimen189
\caption@parindent=\dimen190
\caption@hangindent=\dimen191
Package caption Info: Standard document class detected.
)
\c@caption@flags=\count322
\c@continuedfloat=\count323
Package caption Info: hyperref package is loaded.
Package caption Info: longtable package is loaded.

(C:\Users\ADMIN\AppData\Local\Programs\MiKTeX\tex/latex/caption\ltcaption.sty
Package: ltcaption 2021/01/08 v1.4c longtable captions (AR)
)) (C:\Users\ADMIN\AppData\Local\Programs\MiKTeX\tex/latex/float\float.sty
Package: float 2001/11/08 v1.3d Float enhancements (AL)
\c@float@type=\count324
\float@exts=\toks23
\float@box=\box61
\@float@everytoks=\toks24
\@floatcapt=\box62
)
(C:\Users\ADMIN\AppData\Local\Programs\MiKTeX\tex/latex/listings\listings.sty
\lst@mode=\count325
\lst@gtempboxa=\box63
\lst@token=\toks25
\lst@length=\count326
\lst@currlwidth=\dimen192
\lst@column=\count327
\lst@pos=\count328
\lst@lostspace=\dimen193
\lst@width=\dimen194
\lst@newlines=\count329
\lst@lineno=\count330
\lst@maxwidth=\dimen195

(C:\Users\ADMIN\AppData\Local\Programs\MiKTeX\tex/latex/listings\lstpatch.sty
File: lstpatch.sty 2025/11/14 1.11b (Carsten Heinz)
)
(C:\Users\ADMIN\AppData\Local\Programs\MiKTeX\tex/latex/listings\lstmisc.sty
File: lstmisc.sty 2025/11/14 1.11b (Carsten Heinz)
\c@lstnumber=\count331
\lst@skipnumbers=\count332
\lst@framebox=\box64
)
(C:\Users\ADMIN\AppData\Local\Programs\MiKTeX\tex/latex/listings\listings.cfg
File: listings.cfg 2025/11/14 1.11b listings configuration
))
Package: listings 2025/11/14 1.11b (Carsten Heinz)
==> First Aid for listings.sty no longer applied!
    Expected:
        2024/09/23 1.10c (Carsten Heinz)
    but found:
        2025/11/14 1.11b (Carsten Heinz)
    so I'm assuming it got fixed.
Package hyperref Info: Option `colorlinks' set `true' on input line 26.
(D:\DACN\do-an-devsecops-gitops\01-docs\report\progress-report-full.aux)
\openout1 = `progress-report-full.aux'.

LaTeX Font Info:    Checking defaults for OML/cmm/m/it on input line 53.
LaTeX Font Info:    ... okay on input line 53.
LaTeX Font Info:    Checking defaults for OMS/cmsy/m/n on input line 53.
LaTeX Font Info:    ... okay on input line 53.
LaTeX Font Info:    Checking defaults for OT1/cmr/m/n on input line 53.
LaTeX Font Info:    ... okay on input line 53.
LaTeX Font Info:    Checking defaults for T1/cmr/m/n on input line 53.
LaTeX Font Info:    ... okay on input line 53.
LaTeX Font Info:    Checking defaults for TS1/cmr/m/n on input line 53.
LaTeX Font Info:    ... okay on input line 53.
LaTeX Font Info:    Checking defaults for TU/lmr/m/n on input line 53.
LaTeX Font Info:    ... okay on input line 53.
LaTeX Font Info:    Checking defaults for OMX/cmex/m/n on input line 53.
LaTeX Font Info:    ... okay on input line 53.
LaTeX Font Info:    Checking defaults for U/cmr/m/n on input line 53.
LaTeX Font Info:    ... okay on input line 53.
LaTeX Font Info:    Checking defaults for PD1/pdf/m/n on input line 53.
LaTeX Font Info:    ... okay on input line 53.
LaTeX Font Info:    Checking defaults for PU/pdf/m/n on input line 53.
LaTeX Font Info:    ... okay on input line 53.

*geometry* driver: auto-detecting
*geometry* detected driver: xetex
*geometry* verbose mode - [ preamble ] result:
* driver: xetex
* paper: a4paper
* layout: <same size as paper>
* layoutoffset:(h,v)=(0.0pt,0.0pt)
* modes: 
* h-part:(L,W,R)=(71.13188pt, 455.24411pt, 71.13188pt)
* v-part:(T,H,B)=(71.13188pt, 702.78308pt, 71.13188pt)
* \paperwidth=597.50787pt
* \paperheight=845.04684pt
* \textwidth=455.24411pt
* \textheight=702.78308pt
* \oddsidemargin=-1.1381pt
* \evensidemargin=-1.1381pt
* \topmargin=-41.1815pt
* \headheight=15.0434pt
* \headsep=25.0pt
* \topskip=12.0pt
* \footskip=30.0pt
* \marginparwidth=35.0pt
* \marginparsep=10.0pt
* \columnsep=10.0pt
* \skip\footins=10.8pt plus 4.0pt minus 2.0pt
* \hoffset=0.0pt
* \voffset=0.0pt
* \mag=1000
* \@twocolumnfalse
* \@twosidefalse
* \@mparswitchfalse
* \@reversemarginfalse
* (1in=72.27pt=25.4mm, 1cm=28.453pt)


Package fontspec Info: 
(fontspec)             Adjusting the maths setup (use [no-math] to avoid
(fontspec)             this).

\symlegacymaths=\mathgroup4
LaTeX Font Info:    Overwriting symbol font `legacymaths' in version `bold'
(Font)                  OT1/cmr/m/n --> OT1/cmr/bx/n on input line 53.
LaTeX Font Info:    Redeclaring math accent \acute on input line 53.
LaTeX Font Info:    Redeclaring math accent \grave on input line 53.
LaTeX Font Info:    Redeclaring math accent \ddot on input line 53.
LaTeX Font Info:    Redeclaring math accent \tilde on input line 53.
LaTeX Font Info:    Redeclaring math accent \bar on input line 53.
LaTeX Font Info:    Redeclaring math accent \breve on input line 53.
LaTeX Font Info:    Redeclaring math accent \check on input line 53.
LaTeX Font Info:    Redeclaring math accent \hat on input line 53.
LaTeX Font Info:    Redeclaring math accent \dot on input line 53.
LaTeX Font Info:    Redeclaring math accent \mathring on input line 53.
LaTeX Font Info:    Redeclaring math symbol \colon on input line 53.
LaTeX Font Info:    Redeclaring math symbol \Gamma on input line 53.
LaTeX Font Info:    Redeclaring math symbol \Delta on input line 53.
LaTeX Font Info:    Redeclaring math symbol \Theta on input line 53.
LaTeX Font Info:    Redeclaring math symbol \Lambda on input line 53.
LaTeX Font Info:    Redeclaring math symbol \Xi on input line 53.
LaTeX Font Info:    Redeclaring math symbol \Pi on input line 53.
LaTeX Font Info:    Redeclaring math symbol \Sigma on input line 53.
LaTeX Font Info:    Redeclaring math symbol \Upsilon on input line 53.
LaTeX Font Info:    Redeclaring math symbol \Phi on input line 53.
LaTeX Font Info:    Redeclaring math symbol \Psi on input line 53.
LaTeX Font Info:    Redeclaring math symbol \Omega on input line 53.
LaTeX Font Info:    Redeclaring math symbol \mathdollar on input line 53.
LaTeX Font Info:    Redeclaring symbol font `operators' on input line 53.
LaTeX Font Info:    Encoding `OT1' has changed to `TU' for symbol font
(Font)              `operators' in the math version `normal' on input line 53.
LaTeX Font Info:    Overwriting symbol font `operators' in version `normal'
(Font)                  OT1/cmr/m/n --> TU/TimesNewRoman(0)/m/n on input line 5
3.
LaTeX Font Info:    Encoding `OT1' has changed to `TU' for symbol font
(Font)              `operators' in the math version `bold' on input line 53.
LaTeX Font Info:    Overwriting symbol font `operators' in version `bold'
(Font)                  OT1/cmr/bx/n --> TU/TimesNewRoman(0)/m/n on input line 
53.
LaTeX Font Info:    Overwriting symbol font `operators' in version `normal'
(Font)                  TU/TimesNewRoman(0)/m/n --> TU/TimesNewRoman(0)/m/n on 
input line 53.
LaTeX Font Info:    Overwriting math alphabet `\mathit' in version `normal'
(Font)                  OT1/cmr/m/it --> TU/TimesNewRoman(0)/m/it on input line
 53.
LaTeX Font Info:    Overwriting math alphabet `\mathbf' in version `normal'
(Font)                  OT1/cmr/bx/n --> TU/TimesNewRoman(0)/b/n on input line 
53.
LaTeX Font Info:    Overwriting math alphabet `\mathsf' in version `normal'
(Font)                  OT1/cmss/m/n --> TU/lmss/m/n on input line 53.
LaTeX Font Info:    Overwriting math alphabet `\mathtt' in version `normal'
(Font)                  OT1/cmtt/m/n --> TU/lmtt/m/n on input line 53.
LaTeX Font Info:    Overwriting symbol font `operators' in version `bold'
(Font)                  TU/TimesNewRoman(0)/m/n --> TU/TimesNewRoman(0)/b/n on 
input line 53.
LaTeX Font Info:    Overwriting math alphabet `\mathit' in version `bold'
(Font)                  OT1/cmr/bx/it --> TU/TimesNewRoman(0)/b/it on input lin
e 53.
LaTeX Font Info:    Overwriting math alphabet `\mathsf' in version `bold'
(Font)                  OT1/cmss/bx/n --> TU/lmss/b/n on input line 53.
LaTeX Font Info:    Overwriting math alphabet `\mathtt' in version `bold'
(Font)                  OT1/cmtt/m/n --> TU/lmtt/b/n on input line 53.
Package hyperref Info: Link coloring ON on input line 53.
(D:\DACN\do-an-devsecops-gitops\01-docs\report\progress-report-full.out)
(D:\DACN\do-an-devsecops-gitops\01-docs\report\progress-report-full.out)
\@outlinefile=\write3
\openout3 = `progress-report-full.out'.

Package caption Info: Begin \AtBeginDocument code.
Package caption Info: float package is loaded.
Package caption Info: listings package is loaded.
Package caption Info: End \AtBeginDocument code.
\c@lstlisting=\count333
LaTeX Font Info:    External font `cmex10' loaded for size
(Font)              <12> on input line 70.
LaTeX Font Info:    External font `cmex10' loaded for size
(Font)              <8> on input line 70.
LaTeX Font Info:    External font `cmex10' loaded for size
(Font)              <6> on input line 70.

[1

] (D:\DACN\do-an-devsecops-gitops\01-docs\report\progress-report-full.toc)
\tf@toc=\write4
\openout4 = `progress-report-full.toc'.


[2]
Overfull \hbox (2.63095pt too wide) in paragraph at lines 125--136
 [][] 
 []

[3] [4]
Underfull \hbox (badness 3138) in paragraph at lines 225--226
[]|\TU/TimesNewRoman(0)/m/n/12 Đã phân tích chi tiết sự khác biệt giữa mô hình 
cũ
 []


Underfull \hbox (badness 1163) in paragraph at lines 225--226
\TU/TimesNewRoman(0)/m/n/12 (Java/Tomcat triển khai thủ công lên EC2) và mô hìn
h
 []


Underfull \hbox (badness 2065) in paragraph at lines 225--226
\TU/TimesNewRoman(0)/m/n/12 infrastructure management, scaling, secrets managem
ent,
 []


Underfull \hbox (badness 4060) in paragraph at lines 234--235
[]|\TU/TimesNewRoman(0)/m/n/12 Đã tạo cấu trúc thư mục chuẩn gồm 10 danh mục:
 []


Underfull \hbox (badness 2922) in paragraph at lines 234--235
\TU/lmtt/m/n/12 09-scripts\TU/TimesNewRoman(0)/m/n/12 , \TU/lmtt/m/n/12 10-agen
t-skill\TU/TimesNewRoman(0)/m/n/12 . Mỗi danh mục có file
 []


Underfull \hbox (badness 10000) in paragraph at lines 237--238
[]|\TU/TimesNewRoman(0)/m/n/12 Đã clone toàn bộ mã nguồn sample app vào
 []


Underfull \hbox (badness 10000) in paragraph at lines 240--241
[]|\TU/TimesNewRoman(0)/m/n/12 Đã tạo cấu trúc thư mục cho GitOps Repo theo
 []


Underfull \hbox (badness 10000) in paragraph at lines 240--241
\TU/TimesNewRoman(0)/m/n/12 mô hình Kustomize: \TU/lmtt/m/n/12 base/ \TU/TimesN
ewRoman(0)/m/n/12 + \TU/lmtt/m/n/12 overlays/dev/\TU/TimesNewRoman(0)/m/n/12 ,
 []


Underfull \hbox (badness 10000) in paragraph at lines 240--241
\TU/lmtt/m/n/12 overlays/staging/\TU/TimesNewRoman(0)/m/n/12 , \TU/lmtt/m/n/12 
overlays/prod/ \TU/TimesNewRoman(0)/m/n/12 cùng với
 []


Underfull \hbox (badness 5077) in paragraph at lines 240--241
\TU/TimesNewRoman(0)/m/n/12 thư mục cấu hình Argo CD (\TU/lmtt/m/n/12 argocd/ap
plications\TU/TimesNewRoman(0)/m/n/12 ,
 []


Underfull \hbox (badness 10000) in paragraph at lines 243--244
[]|\TU/TimesNewRoman(0)/m/n/12 Đã viết \TU/lmtt/m/n/12 PROJECT_ROADMAP.md \TU/T
imesNewRoman(0)/m/n/12 (lộ trình 4 phase),
 []


Underfull \hbox (badness 5161) in paragraph at lines 243--244
\TU/lmtt/m/n/12 HUONG_DAN_THUC_HIEN_CHI_TIET.md \TU/TimesNewRoman(0)/m/n/12 (hư
ớng dẫn từng
 []


Underfull \hbox (badness 1107) in paragraph at lines 246--247
\TU/TimesNewRoman(0)/m/n/12 Có script tự động cài đặt (\TU/lmtt/m/n/12 setup-to
ols-windows.ps1\TU/TimesNewRoman(0)/m/n/12 )
 []


Overfull \hbox (5.79327pt too wide) in alignment at lines 217--248
 [] [] 
 []

ignored error: Infinite glue shrinkage found in box being split [5]
Package hyperref Info: bookmark level for unknown lstlisting defaults to 0 on i
nput line 279.
 [6]
Overfull \hbox (7.2054pt too wide) in paragraph at lines 311--312
[]\TU/TimesNewRoman(0)/m/n/12 Public subnet: \TU/lmtt/m/n/12 kubernetes.io/role
/elb = 1 \TU/TimesNewRoman(0)/m/n/12 — cho phép tạo Internet-facing Load Balanc
er. 
 []

[7]
Underfull \hbox (badness 1371) in paragraph at lines 400--401
[]|\TU/TimesNewRoman(0)/m/n/12 Tự động tạo Application Load Balancer
 []


Underfull \hbox (badness 1057) in paragraph at lines 400--401
\TU/TimesNewRoman(0)/m/n/12 khi tạo Kubernetes Ingress hoặc Service
 []


Underfull \hbox (badness 10000) in paragraph at lines 406--406
[]|\TU/TimesNewRoman(0)/m/n/12 OpenTelemetry
 []


Overfull \hbox (54.75221pt too wide) in paragraph at lines 407--407
[]|\TU/lmtt/m/n/12 opentelemetry-operator-system\TU/TimesNewRoman(0)/m/n/12 ,
 []


Overfull \hbox (17.79327pt too wide) in alignment at lines 382--410
 [] [] [] 
 []

[8] [9]
Underfull \hbox (badness 10000) in paragraph at lines 506--506
[]\TU/TimesNewRoman(0)/b/n/12 Giai
 []


Underfull \hbox (badness 1867) in paragraph at lines 518--518
[]\TU/TimesNewRoman(0)/m/n/12 Thiết lập CloudWatch + Prometheus + Grafana
 []

[10]
Underfull \hbox (badness 10000) in paragraph at lines 531--531
[]|\TU/TimesNewRoman(0)/m/n/12 IAM permissions
 []


Underfull \hbox (badness 1888) in paragraph at lines 533--534
[]|\TU/TimesNewRoman(0)/m/n/12 IAM user \TU/lmtt/m/n/12 uit-devsecops-gitops-de
ployer \TU/TimesNewRoman(0)/m/n/12 đã
 []


Underfull \hbox (badness 1303) in paragraph at lines 535--535
[]|\TU/TimesNewRoman(0)/m/n/12 Chi phí AWS vượt
 []


Underfull \hbox (badness 10000) in paragraph at lines 543--543
[]|\TU/TimesNewRoman(0)/m/n/12 Phiên bản module
 []


Overfull \hbox (17.78632pt too wide) in alignment at lines 527--551
 [] [] [] 
 []

[11]
Overfull \hbox (14.43578pt too wide) in paragraph at lines 578--578
[]    \TU/lmtt/m/n/12 app-repo/            Sample app (aws-containers/retail-st
ore-sample-app)[] 
 []


Overfull \hbox (26.79565pt too wide) in paragraph at lines 578--578
[]      \TU/lmtt/m/n/12 src/               5 microservices (ui, cart, orders, c
atalog, checkout)[] 
 []


Overfull \hbox (2.06375pt too wide) in paragraph at lines 578--578
[]  \TU/lmtt/m/n/12 06-security/           Security artifacts (policies, SBOM, 
scan reports)[] 
 []

[12] (D:\DACN\do-an-devsecops-gitops\01-docs\report\progress-report-full.aux)
 ***********
LaTeX2e <2025-11-01>
L3 programming layer <2025-12-24>
 ***********
Package rerunfilecheck Info: File `progress-report-full.out' has not changed.
(rerunfilecheck)             Checksum: 8B417FB57517A916B8063192CDC4CC50;5142.
 ) 
Here is how much of TeX's memory you used:
 15498 strings out of 402987
 299021 string characters out of 5448525
 987219 words of memory out of 5000000
 44060 multiletter control sequences out of 15000+600000
 631025 words of font info for 76 fonts, out of 8000000 for 9000
 1348 hyphenation exceptions out of 8191
 73i,12n,93p,1255b,1764s stack positions out of 10000i,1000n,20000p,200000b,200000s

Output written on D:\DACN\do-an-devsecops-gitops\01-docs\report\progress-report
-full.pdf (12 pages).
